[2022-12-26T11:32:58.601802+00:00] app_logs.ERROR: admin@bng.com - login inválido [] []
[2022-12-26T11:33:28.904603+00:00] app_logs.INFO: admin@bng.com - login com sucesso [] []
[2022-12-26T11:33:42.484498+00:00] app_logs.INFO: admin@bng.com - fez logout [] []
[2022-12-26T11:39:50.603256+00:00] app_logs.INFO: admin@bng.com - login com sucesso [] []
[2022-12-26T11:39:54.973083+00:00] app_logs.INFO: admin@bng.com - fez logout [] []
[2022-12-26T11:39:58.147750+00:00] app_logs.INFO:  - fez logout [] []
[2022-12-26T11:44:48.414955+00:00] app_logs.INFO: admin@bng.com - login com sucesso [] []
[2022-12-26T11:44:51.802476+00:00] app_logs.INFO: admin@bng.com - fez logout [] []
[2022-12-26T11:45:03.993483+00:00] app_logs.INFO: agente1@bng.com - login com sucesso [] []
[2022-12-26T11:45:06.424681+00:00] app_logs.INFO: agente1@bng.com - fez logout [] []
[2022-12-26T11:51:53.637667+00:00] app_logs.INFO: agente1@bng.com - login com sucesso [] []
[2022-12-26T15:54:02.728173+00:00] app_logs.INFO: agente1@bng.com - login com sucesso [] []
[2022-12-26T16:19:45.546634+00:00] app_logs.INFO: agente1@bng.com - fez logout [] []
[2022-12-26T16:20:00.758835+00:00] app_logs.INFO: agente2@bng.com - login com sucesso [] []
[2022-12-26T16:20:12.999937+00:00] app_logs.INFO: agente2@bng.com - fez logout [] []
[2022-12-26T16:20:26.488915+00:00] app_logs.INFO: agente1@bng.com - login com sucesso [] []
[2022-12-26T16:37:36.721759+00:00] app_logs.INFO: agente1@bng.com - adicionou novo cliente: Ruxxxxxxns | rxxxxxil.com [] []
[2022-12-26T17:15:43.021164+00:00] app_logs.INFO: agente1@bng.com - atualizou dados do cliente ID: 2 [] []
[2022-12-26T17:15:57.944982+00:00] app_logs.INFO: agente1@bng.com - atualizou dados do cliente ID: 2 [] []
[2022-12-26T17:51:20.186688+00:00] app_logs.INFO: SYS4SOFT_UDEMY - Eliminado o cliente id: 7 [] []
[2022-12-26T18:16:30.990611+00:00] app_logs.INFO: agente1@bng.com - login com sucesso [] []
[2022-12-27T11:20:43.281302+00:00] app_logs.INFO: agente1@bng.com - login com sucesso [] []
[2022-12-27T12:32:44.151346+00:00] app_logs.INFO: agente1@bng.com - carregamento de ficheiro efetuado: dados_clientes_1.csv [] []
[2022-12-27T12:32:44.152701+00:00] app_logs.INFO: agente1@bng.com - report: {"total":4,"total_carregados":0,"total_nao_carregados":4} [] []
[2022-12-27T12:33:28.759300+00:00] app_logs.INFO: SYS4SOFT_UDEMY - Eliminado o cliente id: 9 [] []
[2022-12-27T12:33:32.316880+00:00] app_logs.INFO: SYS4SOFT_UDEMY - Eliminado o cliente id: 11 [] []
[2022-12-27T12:34:52.927303+00:00] app_logs.INFO: agente1@bng.com - Eliminado o cliente id: 10 [] []
[2022-12-27T12:35:14.029792+00:00] app_logs.INFO: agente1@bng.com - Eliminado o cliente id: 8 [] []
[2022-12-27T12:40:13.640997+00:00] app_logs.ERROR: agente1@bng.com - tentou carregar um ficheiro com header incorreto: dados_clientes_1_header_invalido.csv [] []
[2022-12-27T12:40:32.737014+00:00] app_logs.INFO: agente1@bng.com - carregamento de ficheiro efetuado: dados_clientes_1.csv [] []
[2022-12-27T12:40:32.738323+00:00] app_logs.INFO: agente1@bng.com - report: {"total":4,"total_carregados":4,"total_nao_carregados":0} [] []
[2022-12-27T12:50:28.456262+00:00] app_logs.INFO: agente1@bng.com - adicionou novo cliente: teste1 | teste@teste.pt [] []
[2022-12-27T12:54:28.135632+00:00] app_logs.INFO: agente1@bng.com - carregamento de ficheiro efetuado: template.xlsx [] []
[2022-12-27T12:54:28.136994+00:00] app_logs.INFO: agente1@bng.com - report: {"total":4,"total_carregados":4,"total_nao_carregados":0} [] []
[2022-12-27T13:01:33.682137+00:00] app_logs.INFO: agente1@bng.com - carregamento de ficheiro efetuado: template.xlsx [] []
[2022-12-27T13:01:33.683501+00:00] app_logs.INFO: agente1@bng.com - report: {"total":4,"total_carregados":3,"total_nao_carregados":1} [] []
[2022-12-27T13:02:51.144459+00:00] app_logs.INFO: agente1@bng.com - Eliminado o cliente id: 23 [] []
[2022-12-27T13:02:52.998983+00:00] app_logs.INFO: agente1@bng.com - Eliminado o cliente id: 22 [] []
[2022-12-27T13:02:54.629619+00:00] app_logs.INFO: agente1@bng.com - Eliminado o cliente id: 21 [] []
[2022-12-27T13:02:56.142229+00:00] app_logs.INFO: agente1@bng.com - Eliminado o cliente id: 20 [] []
[2022-12-27T13:02:57.689460+00:00] app_logs.INFO: agente1@bng.com - Eliminado o cliente id: 19 [] []
[2022-12-27T13:02:59.663383+00:00] app_logs.INFO: agente1@bng.com - Eliminado o cliente id: 18 [] []
[2022-12-27T13:03:02.770067+00:00] app_logs.INFO: agente1@bng.com - Eliminado o cliente id: 17 [] []
[2022-12-27T13:03:04.605036+00:00] app_logs.INFO: agente1@bng.com - Eliminado o cliente id: 16 [] []
[2022-12-27T13:03:12.100874+00:00] app_logs.INFO: agente1@bng.com - carregamento de ficheiro efetuado: template.xlsx [] []
[2022-12-27T13:03:12.102203+00:00] app_logs.INFO: agente1@bng.com - report: {"total":1,"total_carregados":1,"total_nao_carregados":0} [] []
[2022-12-27T13:56:15.783244+00:00] app_logs.INFO: agente1@bng.com - Eliminado o cliente id: 24 [] []
[2022-12-27T13:57:30.934972+00:00] app_logs.INFO: agente1@bng.com - carregamento de ficheiro efetuado: dados_clientes_1.xlsx [] []
[2022-12-27T13:57:30.936113+00:00] app_logs.INFO: agente1@bng.com - report: {"total":4,"total_carregados":0,"total_nao_carregados":4} [] []
[2022-12-27T13:57:50.617824+00:00] app_logs.INFO: agente1@bng.com - Eliminado o cliente id: 13 [] []
[2022-12-27T13:57:52.705116+00:00] app_logs.INFO: agente1@bng.com - Eliminado o cliente id: 15 [] []
[2022-12-27T13:57:55.100460+00:00] app_logs.INFO: agente1@bng.com - Eliminado o cliente id: 14 [] []
[2022-12-27T13:57:57.708588+00:00] app_logs.INFO: agente1@bng.com - Eliminado o cliente id: 12 [] []
[2022-12-27T14:00:00.087188+00:00] app_logs.INFO: agente1@bng.com - carregamento de ficheiro efetuado: template.xlsx [] []
[2022-12-27T14:00:00.088489+00:00] app_logs.INFO: agente1@bng.com - report: {"total":4,"total_carregados":4,"total_nao_carregados":0} [] []
[2022-12-27T14:02:17.940710+00:00] app_logs.INFO: agente1@bng.com - Eliminado o cliente id: 28 [] []
[2022-12-27T14:02:19.718100+00:00] app_logs.INFO: agente1@bng.com - Eliminado o cliente id: 27 [] []
[2022-12-27T14:02:21.205408+00:00] app_logs.INFO: agente1@bng.com - Eliminado o cliente id: 26 [] []
[2022-12-27T14:02:24.597995+00:00] app_logs.INFO: agente1@bng.com - Eliminado o cliente id: 25 [] []
[2022-12-27T14:02:37.893953+00:00] app_logs.INFO: agente1@bng.com - carregamento de ficheiro efetuado: template.xlsx [] []
[2022-12-27T14:02:37.895142+00:00] app_logs.INFO: agente1@bng.com - report: {"total":1,"total_carregados":1,"total_nao_carregados":0} [] []
[2022-12-27T14:09:38.054294+00:00] app_logs.INFO: agente1@bng.com - fez download da lista de clientes para o ficheiro: output_1672150178.xlsx | total: 5 registos. [] []
[2022-12-27T14:21:17.886531+00:00] app_logs.INFO: agente1@bng.com - fez logout [] []
[2022-12-27T14:21:25.354823+00:00] app_logs.INFO: agente1@bng.com - login com sucesso [] []
[2022-12-27T14:37:33.200678+00:00] app_logs.INFO: agente1@bng.com - password alterada com sucesso no perfil de utilizador. [] []
[2022-12-27T14:37:39.272433+00:00] app_logs.INFO: agente1@bng.com - fez logout [] []
[2022-12-27T14:37:45.895035+00:00] app_logs.ERROR: agente1@bng.com - login inválido [] []
[2022-12-27T14:37:56.964633+00:00] app_logs.INFO: agente1@bng.com - login com sucesso [] []
[2022-12-27T14:38:24.260639+00:00] app_logs.INFO: agente1@bng.com - password alterada com sucesso no perfil de utilizador. [] []
[2022-12-27T14:42:11.955140+00:00] app_logs.INFO: agente1@bng.com - fez logout [] []
[2022-12-27T14:42:49.522292+00:00] app_logs.INFO: agente1@bng.com - login com sucesso [] []
[2022-12-27T14:43:07.583307+00:00] app_logs.INFO: agente1@bng.com - fez logout [] []
[2022-12-27T14:43:13.507026+00:00] app_logs.INFO: admin@bng.com - login com sucesso [] []
[2022-12-27T15:06:03.146322+00:00] app_logs.INFO: admin@bng.com - fez download da lista de clientes para o ficheiro: output_1672153563.xlsx | total: 7 registos. [] []
[2022-12-27T15:09:05.899944+00:00] app_logs.INFO: admin@bng.com - login com sucesso [] []
[2022-12-27T15:28:37.090689+00:00] app_logs.INFO: admin@bng.com - login com sucesso [] []
[2022-12-27T16:46:08.764140+00:00] app_logs.INFO: admin@bng.com - login com sucesso [] []
[2022-12-27T16:56:48.243992+00:00] app_logs.INFO: admin@bng.com - visualizou o PDF com o report estatístico. [] []
[2022-12-28T11:45:43.460840+00:00] app_logs.INFO: admin@bng.com - enviado com sucesso email para conclusão do registo: agente4@bng.com [] []
[2022-12-28T12:04:59.033765+00:00] app_logs.INFO: admin@bng.com - fez logout [] []
[2022-12-28T12:24:23.745044+00:00] app_logs.INFO: Foi definida com sucesso a password para o agente ID = 5 (purl: aBgBjGIKEfFgdACKfGCj) [] []
[2022-12-28T12:24:49.524864+00:00] app_logs.INFO: agente4@bng.com - login com sucesso [] []
[2022-12-28T12:26:57.569222+00:00] app_logs.INFO: agente4@bng.com - fez logout [] []
[2022-12-28T12:27:18.120831+00:00] app_logs.INFO: admin@bng.com - login com sucesso [] []
[2022-12-28T12:27:32.149397+00:00] app_logs.INFO: admin@bng.com - fez logout [] []
[2022-12-28T12:30:08.410816+00:00] app_logs.INFO: admin@bng.com - login com sucesso [] []
[2022-12-28T12:36:29.018489+00:00] app_logs.INFO: admin@bng.com - fez logout [] []
[2022-12-28T12:37:55.705284+00:00] app_logs.INFO: admin@bng.com - login com sucesso [] []
[2022-12-28T12:44:16.061481+00:00] app_logs.INFO: admin@bng.com - fez logout [] []
[2022-12-28T12:44:23.817193+00:00] app_logs.INFO: agente1@bng.com - login com sucesso [] []
[2022-12-28T12:45:28.914766+00:00] app_logs.INFO: agente1@bng.com - fez logout [] []
[2022-12-28T12:45:35.442752+00:00] app_logs.INFO: admin@bng.com - login com sucesso [] []
[2022-12-28T12:46:48.729487+00:00] app_logs.INFO: admin@bng.com - fez logout [] []
[2022-12-28T12:46:55.378779+00:00] app_logs.ERROR: agente1@bng.com - login inválido [] []
[2022-12-28T12:47:07.605228+00:00] app_logs.INFO: admin@bng.com - login com sucesso [] []
[2022-12-28T13:46:41.025168+00:00] app_logs.INFO: admin@bng.com - editado com sucesso os dados do agente ID: 3 - agente2@bng.com [] []
[2022-12-28T13:48:14.445113+00:00] app_logs.INFO: admin@bng.com - editado com sucesso os dados do agente ID: 3 - agente2alterado@bng.com [] []
[2022-12-28T13:48:25.751601+00:00] app_logs.INFO: admin@bng.com - editado com sucesso os dados do agente ID: 3 - agente2@bng.com [] []
[2022-12-28T14:09:30.382578+00:00] app_logs.INFO: admin@bng.com - eliminado com sucesso o agente ID: 3 [] []
[2022-12-28T14:14:16.267624+00:00] app_logs.INFO: admin@bng.com - recuperado com sucesso o agente ID: 2 [] []
[2022-12-28T14:14:22.243755+00:00] app_logs.INFO: admin@bng.com - recuperado com sucesso o agente ID: 3 [] []
[2022-12-28T14:14:25.200468+00:00] app_logs.INFO: admin@bng.com - eliminado com sucesso o agente ID: 2 [] []
[2022-12-28T14:14:27.418187+00:00] app_logs.INFO: admin@bng.com - eliminado com sucesso o agente ID: 3 [] []
[2022-12-28T14:14:28.916069+00:00] app_logs.INFO: admin@bng.com - eliminado com sucesso o agente ID: 4 [] []
[2022-12-28T14:14:30.504182+00:00] app_logs.INFO: admin@bng.com - eliminado com sucesso o agente ID: 5 [] []
[2022-12-28T14:14:34.074120+00:00] app_logs.INFO: admin@bng.com - recuperado com sucesso o agente ID: 2 [] []
[2022-12-28T14:14:35.465476+00:00] app_logs.INFO: admin@bng.com - recuperado com sucesso o agente ID: 3 [] []
[2022-12-28T14:14:36.894706+00:00] app_logs.INFO: admin@bng.com - recuperado com sucesso o agente ID: 4 [] []
[2022-12-28T14:14:38.481024+00:00] app_logs.INFO: admin@bng.com - recuperado com sucesso o agente ID: 5 [] []
[2022-12-28T14:17:44.560627+00:00] app_logs.INFO: admin@bng.com - recuperado com sucesso o agente ID: 5 [] []
[2022-12-28T14:23:47.329594+00:00] app_logs.INFO: admin@bng.com - recuperado com sucesso o agente ID: 5 [] []
[2022-12-28T14:23:49.900825+00:00] app_logs.INFO: admin@bng.com - fez download da lista de agentes para o ficheiro: output_1672237429.xlsx | total: 5 registos. [] []
[2022-12-28T14:36:12.022081+00:00] app_logs.INFO: admin@bng.com - fez logout [] []
[2022-12-28T14:50:41.894817+00:00] app_logs.ERROR: Aconteceu um erro na criação do código de recuperação da password. User: teste@teste.com [] []
[2022-12-28T14:50:56.300139+00:00] app_logs.INFO: Email com código de recuperação de password enviado com sucesso. User: agente1@bng.com | Code: 205443 [] []
[2022-12-28T15:01:03.488824+00:00] app_logs.INFO: Email com código de recuperação de password enviado com sucesso. User: agente1@bng.com | Code: 862831 [] []
[2022-12-28T15:15:04.058995+00:00] app_logs.INFO: Email com código de recuperação de password enviado com sucesso. User: agente1@bng.com | Code: 577811 [] []
[2022-12-28T15:17:18.583176+00:00] app_logs.INFO: Email com código de recuperação de password enviado com sucesso. User: agente1@bng.com | Code: 506320 [] []
[2022-12-28T15:17:44.778322+00:00] app_logs.ERROR: Aconteceu um erro na criação do código de recuperação da password. User: agente10@bng.com [] []
[2022-12-28T15:17:49.036546+00:00] app_logs.INFO: Email com código de recuperação de password enviado com sucesso. User: agente1@bng.com | Code: 862988 [] []
[2022-12-28T15:21:31.736272+00:00] app_logs.ERROR: Aconteceu um erro na criação do código de recuperação da password. User: agente01@bng.com [] []
[2022-12-28T15:21:35.609974+00:00] app_logs.INFO: Email com código de recuperação de password enviado com sucesso. User: agente1@bng.com | Code: 570074 [] []
[2022-12-28T15:22:20.313137+00:00] app_logs.INFO: Email com código de recuperação de password enviado com sucesso. User: agente1@bng.com | Code: 361643 [] []
[2022-12-28T15:30:59.349575+00:00] app_logs.ERROR: Aconteceu um erro na criação do código de recuperação da password. User: agente10@bng.com [] []
[2022-12-28T15:31:04.853971+00:00] app_logs.INFO: Email com código de recuperação de password enviado com sucesso. User: agente1@bng.com | Code: 992621 [] []
[2022-12-28T15:32:36.212587+00:00] app_logs.INFO: Foi alterada com sucesso a password do user ID: 2 após pedido de reset da password. [] []
[2022-12-28T15:38:51.588131+00:00] app_logs.INFO: agente1@bng.com - login com sucesso [] []
[2022-12-28T15:39:44.245774+00:00] app_logs.INFO: agente1@bng.com - fez logout [] []
[2022-12-28T15:39:51.278781+00:00] app_logs.INFO: admin@bng.com - login com sucesso [] []
[2022-12-28T15:45:16.307223+00:00] app_logs.INFO: admin@bng.com - visualizou o PDF com o report estatístico. [] []
[2022-12-28T15:47:49.283686+00:00] app_logs.INFO: admin@bng.com - visualizou o PDF com o report estatístico. [] []
[2022-12-28T15:48:00.753797+00:00] app_logs.INFO: admin@bng.com - visualizou o PDF com o report estatístico. [] []
[2022-12-28T15:48:46.269128+00:00] app_logs.INFO: admin@bng.com - visualizou o PDF com o report estatístico. [] []
[2022-12-28T15:52:17.643943+00:00] app_logs.INFO: admin@bng.com - fez logout [] []
[2022-12-28T15:54:11.494538+00:00] app_logs.ERROR: admin@bng.com - login inválido [] []
[2022-12-28T15:55:31.098897+00:00] app_logs.INFO: agent1@bng.com - login com sucesso [] []
[2022-12-28T15:55:44.019982+00:00] app_logs.INFO: agent1@bng.com - fez logout [] []
[2022-12-28T15:55:52.041813+00:00] app_logs.INFO: admin@bng.com - login com sucesso [] []
[2022-12-28T15:57:09.658023+00:00] app_logs.INFO: admin@bng.com - visualizou o PDF com o report estatístico. [] []
[2022-12-28T15:57:54.805259+00:00] app_logs.INFO: admin@bng.com - fez logout [] []
[2022-12-28T15:58:01.711853+00:00] app_logs.INFO: agent1@bng.com - login com sucesso [] []
